<?xml version="1.0" encoding="UTF-8"?>
<testng-results ignored="0" total="3" passed="3" failed="0" skipped="0">
  <reporter-output>
  </reporter-output>
  <suite started-at="2023-07-12T15:32:52 GMT+05:30" name="Default suite" finished-at="2023-07-12T15:32:54 GMT+05:30" duration-ms="2801">
    <groups>
    </groups>
    <test started-at="2023-07-12T15:32:52 GMT+05:30" name="Default test" finished-at="2023-07-12T15:32:54 GMT+05:30" duration-ms="2801">
      <class name="DynamicJson">
        <test-method signature="delete(java.lang.String,java.lang.String)[pri:0, instance:DynamicJson@2ed2d9cb]" started-at="2023-07-12T15:32:52 GMT+05:30" name="delete" data-provider="BooksData" finished-at="2023-07-12T15:32:54 GMT+05:30" duration-ms="2226" status="PASS">
          <params>
            <param index="0">
              <value>
                <![CDATA[aab]]>
              </value>
            </param>
            <param index="1">
              <value>
                <![CDATA[1010]]>
              </value>
            </param>
          </params>
          <reporter-output>
          </reporter-output>
        </test-method> <!-- delete -->
        <test-method signature="delete(java.lang.String,java.lang.String)[pri:0, instance:DynamicJson@2ed2d9cb]" started-at="2023-07-12T15:32:54 GMT+05:30" name="delete" data-provider="BooksData" finished-at="2023-07-12T15:32:54 GMT+05:30" duration-ms="254" status="PASS">
          <params>
            <param index="0">
              <value>
                <![CDATA[aac]]>
              </value>
            </param>
            <param index="1">
              <value>
                <![CDATA[1011]]>
              </value>
            </param>
          </params>
          <reporter-output>
          </reporter-output>
        </test-method> <!-- delete -->
        <test-method signature="delete(java.lang.String,java.lang.String)[pri:0, instance:DynamicJson@2ed2d9cb]" started-at="2023-07-12T15:32:54 GMT+05:30" name="delete" data-provider="BooksData" finished-at="2023-07-12T15:32:54 GMT+05:30" duration-ms="265" status="PASS">
          <params>
            <param index="0">
              <value>
                <![CDATA[aad]]>
              </value>
            </param>
            <param index="1">
              <value>
                <![CDATA[1012]]>
              </value>
            </param>
          </params>
          <reporter-output>
          </reporter-output>
        </test-method> <!-- delete -->
      </class> <!-- DynamicJson -->
    </test> <!-- Default test -->
  </suite> <!-- Default suite -->
</testng-results>
